--------------------------------------------------------------------------------
Tests started: 2017-03-14 05:07:29 +0000
--------------------------------------------------------------------------------
DEBUG_FLAG_TOBEREMOVED.
2017-03-13 22:07:52.999 XCTRunner[28525:16473516] Running tests...
2017-03-13 22:07:54.579 XCTRunner[28525:16473516] Continuing to run tests in the background with task ID 1
Test Suite 'Selected tests' started at 2017-03-13 22:07:54.643
XCTestOutputBarrierTest Suite 'sour-mashUITests.xctest' started at 2017-03-13 22:07:54.644
XCTestOutputBarrierTest Suite 'test6' started at 2017-03-13 22:07:54.644
XCTestOutputBarrierTest Case '-[sour_mashUITests.test6 test6BlackWhite]' started.
XCTestOutputBarrier    t =     0.00s     Start Test at 2017-03-13 22:07:54.645
    t =     0.00s     Set Up
    t =     0.01s     Launch com.jameseisenhauer.sour-mash
    t =     5.02s         Waiting for accessibility to load
    t =     6.04s         Wait for app to idle
    t =     7.30s     Tap Button
    t =     7.30s         Wait for app to idle
    t =     7.35s         Find the Button
    t =     7.35s             Snapshot accessibility hierarchy for com.jameseisenhauer.sour-mash
    t =     7.38s             Find: Descendants matching type TabBar
    t =     7.38s             Find: Descendants matching type Button
    t =     7.38s             Find: Element at index 1
    t =     7.39s             Wait for app to idle
    t =     7.43s         Synthesize event
    t =     7.69s         Wait for app to idle
    t =     7.74s     Snapshot accessibility hierarchy for com.jameseisenhauer.sour-mash
    t =     7.75s     Find: Descendants matching type StaticText
    t =     7.76s     Find: Elements matching predicate '"lbl_black_title" IN identifiers'
    t =     7.76s     Use cached accessibility hierarchy for com.jameseisenhauer.sour-mash
    t =     7.76s     Find: Descendants matching type StaticText
    t =     7.76s     Find: Elements matching predicate '"lbl_black_sub_title" IN identifiers'
    t =     7.76s     Check predicate `exists == 1` against object `"White" Button`
    t =     7.76s         Use cached accessibility hierarchy for com.jameseisenhauer.sour-mash
    t =     7.76s         Find: Descendants matching type TabBar
    t =     7.76s         Find: Descendants matching type Button
    t =     7.76s         Find: Elements matching predicate '"White" IN identifiers'
    t =     7.76s     Find the "White" Button
    t =     7.76s         Use cached accessibility hierarchy for com.jameseisenhauer.sour-mash
    t =     7.77s         Find: Descendants matching type TabBar
    t =     7.77s         Find: Descendants matching type Button
    t =     7.77s         Find: Elements matching predicate '"White" IN identifiers'
    t =     8.05s     Tap "White" Button
    t =     8.05s         Wait for app to idle
    t =     8.09s         Find the "White" Button
    t =     8.09s             Snapshot accessibility hierarchy for com.jameseisenhauer.sour-mash
    t =     8.11s             Find: Descendants matching type TabBar
    t =     8.11s             Find: Descendants matching type Button
    t =     8.11s             Find: Elements matching predicate '"White" IN identifiers'
    t =     8.12s             Wait for app to idle
    t =     8.17s         Synthesize event
    t =     8.42s         Wait for app to idle
    t =     8.47s     Snapshot accessibility hierarchy for com.jameseisenhauer.sour-mash
    t =     8.48s     Find: Descendants matching type StaticText
    t =     8.48s     Find: Elements matching predicate '"lbl_white_title" IN identifiers'
    t =     8.48s     Use cached accessibility hierarchy for com.jameseisenhauer.sour-mash
    t =     8.49s     Find: Descendants matching type StaticText
    t =     8.49s     Find: Elements matching predicate '"lbl_white_sub_title" IN identifiers'
    t =     8.49s     Tear Down
Test Case '-[sour_mashUITests.test6 test6BlackWhite]' passed (8.826 seconds).
XCTestOutputBarrierTest Suite 'test6' passed at 2017-03-13 22:08:03.471.
	 Executed 1 test, with 0 failures (0 unexpected) in 8.826 (8.827) seconds
XCTestOutputBarrierTest Suite 'test7' started at 2017-03-13 22:08:03.471
XCTestOutputBarrierTest Case '-[sour_mashUITests.test7 test7BlackWhite]' started.
XCTestOutputBarrier    t =     0.00s     Start Test at 2017-03-13 22:08:03.472
    t =     0.00s     Set Up
    t =     0.00s     Launch com.jameseisenhauer.sour-mash
    t =     0.05s         Terminate <XCUIApplicationProcess: 0x6000000b5ae0 com.jameseisenhauer.sour-mash (28539)>
    t =     5.01s         Waiting for accessibility to load
    t =     5.18s         Wait for app to idle
    t =     6.39s     Tap Button
    t =     6.39s         Wait for app to idle
    t =     6.44s         Find the Button
    t =     6.44s             Snapshot accessibility hierarchy for com.jameseisenhauer.sour-mash
    t =     6.46s             Find: Descendants matching type TabBar
    t =     6.47s             Find: Descendants matching type Button
    t =     6.47s             Find: Element at index 1
    t =     6.47s             Wait for app to idle
    t =     6.52s         Synthesize event
    t =     6.78s         Wait for app to idle
    t =     6.83s     Snapshot accessibility hierarchy for com.jameseisenhauer.sour-mash
    t =     6.85s     Find: Descendants matching type StaticText
    t =     6.85s     Find: Elements matching predicate '"lbl_black_title" IN identifiers'
    t =     6.85s     Use cached accessibility hierarchy for com.jameseisenhauer.sour-mash
    t =     6.85s     Find: Descendants matching type StaticText
    t =     6.85s     Find: Elements matching predicate '"lbl_black_sub_title" IN identifiers'
    t =     6.85s     Check predicate `exists == 1` against object `"White" Button`
    t =     6.85s         Use cached accessibility hierarchy for com.jameseisenhauer.sour-mash
    t =     6.85s         Find: Descendants matching type TabBar
    t =     6.85s         Find: Descendants matching type Button
    t =     6.85s         Find: Elements matching predicate '"White" IN identifiers'
    t =     6.86s     Find the "White" Button
    t =     6.86s         Use cached accessibility hierarchy for com.jameseisenhauer.sour-mash
    t =     6.86s         Find: Descendants matching type TabBar
    t =     6.86s         Find: Descendants matching type Button
    t =     6.86s         Find: Elements matching predicate '"White" IN identifiers'
    t =     7.14s     Tap "White" Button
    t =     7.14s         Wait for app to idle
    t =     7.18s         Find the "White" Button
    t =     7.18s             Snapshot accessibility hierarchy for com.jameseisenhauer.sour-mash
    t =     7.20s             Find: Descendants matching type TabBar
    t =     7.20s             Find: Descendants matching type Button
    t =     7.20s             Find: Elements matching predicate '"White" IN identifiers'
    t =     7.20s             Wait for app to idle
    t =     7.25s         Synthesize event
    t =     7.50s         Wait for app to idle
    t =     7.55s     Snapshot accessibility hierarchy for com.jameseisenhauer.sour-mash
    t =     7.57s     Find: Descendants matching type StaticText
    t =     7.57s     Find: Elements matching predicate '"lbl_white_title" IN identifiers'
    t =     7.57s     Use cached accessibility hierarchy for com.jameseisenhauer.sour-mash
    t =     7.57s     Find: Descendants matching type StaticText
    t =     7.57s     Find: Elements matching predicate '"lbl_white_sub_title_fail" IN identifiers'
    t =     7.57s     Assertion Failure: test7.swift:40: XCTAssertTrue failed - White Sub Title does not exist
/Users/mos6y/Documents/workspace/sour-mash/sour-mash/sour-mashUITests/test7.swift:40: error: -[sour_mashUITests.test7 test7BlackWhite] : XCTAssertTrue failed - White Sub Title does not exist
XCTestOutputBarrier    t =     7.57s     Tear Down
Test Case '-[sour_mashUITests.test7 test7BlackWhite]' failed (7.904 seconds).
XCTestOutputBarrierTest Suite 'test7' failed at 2017-03-13 22:08:11.376.
	 Executed 1 test, with 1 failure (0 unexpected) in 7.904 (7.905) seconds
XCTestOutputBarrierTest Suite 'sour-mashUITests.xctest' failed at 2017-03-13 22:08:11.376.
	 Executed 2 tests, with 1 failure (0 unexpected) in 16.729 (16.733) seconds
XCTestOutputBarrierTest Suite 'Selected tests' failed at 2017-03-13 22:08:11.377.
	 Executed 2 tests, with 1 failure (0 unexpected) in 16.729 (16.734) seconds
XCTestOutputBarrierXCTestOutputBarrier
BP_APP_PROC_ENDED
--------------------------------------------------------------------------------
Tests started: 2017-03-16 02:04:50 +0000
--------------------------------------------------------------------------------
DEBUG_FLAG_TOBEREMOVED.
2017-03-15 19:05:10.661 XCTRunner[52772:18311859] Running tests...
2017-03-15 19:05:16.882 XCTRunner[52772:18311859] Continuing to run tests in the background with task ID 1
Test Suite 'Selected tests' started at 2017-03-15 19:05:17.649
XCTestOutputBarrierTest Suite 'sour-mashUITests.xctest' started at 2017-03-15 19:05:17.650
XCTestOutputBarrierTest Suite 'test6' started at 2017-03-15 19:05:17.650
XCTestOutputBarrierTest Case '-[sour_mashUITests.test6 test6BlackWhite]' started.
XCTestOutputBarrier    t =     0.00s     Start Test at 2017-03-15 19:05:17.651
    t =     0.00s     Set Up
    t =     0.00s     Launch com.jameseisenhauer.sour-mash
    t =     4.92s         Waiting for accessibility to load
    t =     5.12s         Wait for app to idle
    t =     6.37s     Tap Button
    t =     6.37s         Wait for app to idle
    t =     6.42s         Find the Button
    t =     6.42s             Snapshot accessibility hierarchy for com.jameseisenhauer.sour-mash
    t =     6.44s             Find: Descendants matching type TabBar
    t =     6.44s             Find: Descendants matching type Button
    t =     6.44s             Find: Element at index 1
    t =     6.45s             Wait for app to idle
    t =     6.50s         Synthesize event
    t =     6.76s         Wait for app to idle
    t =     6.80s     Snapshot accessibility hierarchy for com.jameseisenhauer.sour-mash
    t =     6.82s     Find: Descendants matching type StaticText
    t =     6.82s     Find: Elements matching predicate '"lbl_black_title" IN identifiers'
    t =     6.82s     Use cached accessibility hierarchy for com.jameseisenhauer.sour-mash
    t =     6.82s     Find: Descendants matching type StaticText
    t =     6.82s     Find: Elements matching predicate '"lbl_black_sub_title" IN identifiers'
    t =     6.82s     Check predicate `exists == 1` against object `"White" Button`
    t =     6.82s         Use cached accessibility hierarchy for com.jameseisenhauer.sour-mash
    t =     6.83s         Find: Descendants matching type TabBar
    t =     6.83s         Find: Descendants matching type Button
    t =     6.83s         Find: Elements matching predicate '"White" IN identifiers'
    t =     6.83s     Find the "White" Button
    t =     6.83s         Use cached accessibility hierarchy for com.jameseisenhauer.sour-mash
    t =     6.83s         Find: Descendants matching type TabBar
    t =     6.83s         Find: Descendants matching type Button
    t =     6.83s         Find: Elements matching predicate '"White" IN identifiers'
    t =     7.11s     Tap "White" Button
    t =     7.11s         Wait for app to idle
    t =     7.16s         Find the "White" Button
    t =     7.16s             Snapshot accessibility hierarchy for com.jameseisenhauer.sour-mash
    t =     7.17s             Find: Descendants matching type TabBar
    t =     7.17s             Find: Descendants matching type Button
    t =     7.17s             Find: Elements matching predicate '"White" IN identifiers'
    t =     7.18s             Wait for app to idle
    t =     7.22s         Synthesize event
    t =     7.47s         Wait for app to idle
    t =     7.52s     Snapshot accessibility hierarchy for com.jameseisenhauer.sour-mash
    t =     7.54s     Find: Descendants matching type StaticText
    t =     7.54s     Find: Elements matching predicate '"lbl_white_title" IN identifiers'
    t =     7.54s     Use cached accessibility hierarchy for com.jameseisenhauer.sour-mash
    t =     7.54s     Find: Descendants matching type StaticText
    t =     7.54s     Find: Elements matching predicate '"lbl_white_sub_title" IN identifiers'
    t =     7.54s     Tear Down
Test Case '-[sour_mashUITests.test6 test6BlackWhite]' passed (7.889 seconds).
XCTestOutputBarrierTest Suite 'test6' passed at 2017-03-15 19:05:25.539.
	 Executed 1 test, with 0 failures (0 unexpected) in 7.889 (7.889) seconds
XCTestOutputBarrierTest Suite 'test7' started at 2017-03-15 19:05:25.540
XCTestOutputBarrierTest Case '-[sour_mashUITests.test7 test7BlackWhite]' started.
XCTestOutputBarrier    t =     0.00s     Start Test at 2017-03-15 19:05:25.540
    t =     0.00s     Set Up
    t =     0.00s     Launch com.jameseisenhauer.sour-mash
    t =     0.04s         Terminate <XCUIApplicationProcess: 0x6180000bc6e0 com.jameseisenhauer.sour-mash (52786)>
    t =     5.01s         Waiting for accessibility to load
    t =     5.17s         Wait for app to idle
    t =     6.36s     Tap Button
    t =     6.36s         Wait for app to idle
    t =     6.41s         Find the Button
    t =     6.41s             Snapshot accessibility hierarchy for com.jameseisenhauer.sour-mash
    t =     6.43s             Find: Descendants matching type TabBar
    t =     6.44s             Find: Descendants matching type Button
    t =     6.44s             Find: Element at index 1
    t =     6.44s             Wait for app to idle
    t =     6.49s         Synthesize event
    t =     6.75s         Wait for app to idle
    t =     6.79s     Snapshot accessibility hierarchy for com.jameseisenhauer.sour-mash
    t =     6.81s     Find: Descendants matching type StaticText
    t =     6.81s     Find: Elements matching predicate '"lbl_black_title" IN identifiers'
    t =     6.81s     Use cached accessibility hierarchy for com.jameseisenhauer.sour-mash
    t =     6.81s     Find: Descendants matching type StaticText
    t =     6.81s     Find: Elements matching predicate '"lbl_black_sub_title" IN identifiers'
    t =     6.81s     Check predicate `exists == 1` against object `"White" Button`
    t =     6.81s         Use cached accessibility hierarchy for com.jameseisenhauer.sour-mash
    t =     6.81s         Find: Descendants matching type TabBar
    t =     6.82s         Find: Descendants matching type Button
    t =     6.82s         Find: Elements matching predicate '"White" IN identifiers'
    t =     6.82s     Find the "White" Button
    t =     6.82s         Use cached accessibility hierarchy for com.jameseisenhauer.sour-mash
    t =     6.82s         Find: Descendants matching type TabBar
    t =     6.82s         Find: Descendants matching type Button
    t =     6.82s         Find: Elements matching predicate '"White" IN identifiers'
    t =     7.10s     Tap "White" Button
    t =     7.10s         Wait for app to idle
    t =     7.14s         Find the "White" Button
    t =     7.14s             Snapshot accessibility hierarchy for com.jameseisenhauer.sour-mash
    t =     7.16s             Find: Descendants matching type TabBar
    t =     7.16s             Find: Descendants matching type Button
    t =     7.16s             Find: Elements matching predicate '"White" IN identifiers'
    t =     7.16s             Wait for app to idle
    t =     7.21s         Synthesize event
    t =     7.46s         Wait for app to idle
    t =     7.51s     Snapshot accessibility hierarchy for com.jameseisenhauer.sour-mash
    t =     7.52s     Find: Descendants matching type StaticText
    t =     7.53s     Find: Elements matching predicate '"lbl_white_title" IN identifiers'
    t =     7.53s     Use cached accessibility hierarchy for com.jameseisenhauer.sour-mash
    t =     7.53s     Find: Descendants matching type StaticText
    t =     7.53s     Find: Elements matching predicate '"lbl_white_sub_title" IN identifiers'
    t =     7.53s     Tear Down
Test Case '-[sour_mashUITests.test7 test7BlackWhite]' passed (7.876 seconds).
XCTestOutputBarrierTest Suite 'test7' passed at 2017-03-15 19:05:33.416.
	 Executed 1 test, with 0 failures (0 unexpected) in 7.876 (7.877) seconds
XCTestOutputBarrierTest Suite 'sour-mashUITests.xctest' passed at 2017-03-15 19:05:33.417.
	 Executed 2 tests, with 0 failures (0 unexpected) in 15.764 (15.767) seconds
XCTestOutputBarrierTest Suite 'Selected tests' passed at 2017-03-15 19:05:33.417.
	 Executed 2 tests, with 0 failures (0 unexpected) in 15.764 (15.768) seconds
XCTestOutputBarrier
BP_APP_PROC_ENDED
