--------------------------------------------------------------------------------
Tests started: 2017-03-14 05:08:24 +0000
--------------------------------------------------------------------------------
DEBUG_FLAG_TOBEREMOVED.
2017-03-13 22:08:38.543 XCTRunner[28639:16475772] Running tests...
2017-03-13 22:08:40.856 XCTRunner[28639:16475772] Continuing to run tests in the background with task ID 1
Test Suite 'Selected tests' started at 2017-03-13 22:08:40.912
XCTestOutputBarrierTest Suite 'sour-mashUITests.xctest' started at 2017-03-13 22:08:40.912
XCTestOutputBarrierTest Suite 'test7' started at 2017-03-13 22:08:40.912
XCTestOutputBarrierTest Case '-[sour_mashUITests.test7 test7BlackWhite]' started.
XCTestOutputBarrier    t =     0.00s     Start Test at 2017-03-13 22:08:40.913
    t =     0.00s     Set Up
    t =     0.00s     Launch com.jameseisenhauer.sour-mash
    t =     4.93s         Waiting for accessibility to load
    t =     5.28s         Wait for app to idle
    t =     6.52s     Tap Button
    t =     6.52s         Wait for app to idle
    t =     6.57s         Find the Button
    t =     6.57s             Snapshot accessibility hierarchy for com.jameseisenhauer.sour-mash
    t =     6.60s             Find: Descendants matching type TabBar
    t =     6.60s             Find: Descendants matching type Button
    t =     6.60s             Find: Element at index 1
    t =     6.61s             Wait for app to idle
    t =     6.65s         Synthesize event
    t =     6.91s         Wait for app to idle
    t =     6.96s     Snapshot accessibility hierarchy for com.jameseisenhauer.sour-mash
    t =     6.97s     Find: Descendants matching type StaticText
    t =     6.97s     Find: Elements matching predicate '"lbl_black_title" IN identifiers'
    t =     6.98s     Use cached accessibility hierarchy for com.jameseisenhauer.sour-mash
    t =     6.98s     Find: Descendants matching type StaticText
    t =     6.98s     Find: Elements matching predicate '"lbl_black_sub_title" IN identifiers'
    t =     6.98s     Check predicate `exists == 1` against object `"White" Button`
    t =     6.98s         Use cached accessibility hierarchy for com.jameseisenhauer.sour-mash
    t =     6.98s         Find: Descendants matching type TabBar
    t =     6.98s         Find: Descendants matching type Button
    t =     6.98s         Find: Elements matching predicate '"White" IN identifiers'
    t =     6.98s     Find the "White" Button
    t =     6.98s         Use cached accessibility hierarchy for com.jameseisenhauer.sour-mash
    t =     6.99s         Find: Descendants matching type TabBar
    t =     6.99s         Find: Descendants matching type Button
    t =     6.99s         Find: Elements matching predicate '"White" IN identifiers'
    t =     7.27s     Tap "White" Button
    t =     7.27s         Wait for app to idle
    t =     7.31s         Find the "White" Button
    t =     7.31s             Snapshot accessibility hierarchy for com.jameseisenhauer.sour-mash
    t =     7.33s             Find: Descendants matching type TabBar
    t =     7.33s             Find: Descendants matching type Button
    t =     7.33s             Find: Elements matching predicate '"White" IN identifiers'
    t =     7.33s             Wait for app to idle
    t =     7.38s         Synthesize event
    t =     7.63s         Wait for app to idle
    t =     7.68s     Snapshot accessibility hierarchy for com.jameseisenhauer.sour-mash
    t =     7.69s     Find: Descendants matching type StaticText
    t =     7.69s     Find: Elements matching predicate '"lbl_white_title" IN identifiers'
    t =     7.69s     Use cached accessibility hierarchy for com.jameseisenhauer.sour-mash
    t =     7.70s     Find: Descendants matching type StaticText
    t =     7.70s     Find: Elements matching predicate '"lbl_white_sub_title_fail" IN identifiers'
    t =     7.70s     Assertion Failure: test7.swift:40: XCTAssertTrue failed - White Sub Title does not exist
/Users/mos6y/Documents/workspace/sour-mash/sour-mash/sour-mashUITests/test7.swift:40: error: -[sour_mashUITests.test7 test7BlackWhite] : XCTAssertTrue failed - White Sub Title does not exist
XCTestOutputBarrier    t =     7.70s     Tear Down
Test Case '-[sour_mashUITests.test7 test7BlackWhite]' failed (8.044 seconds).
XCTestOutputBarrierTest Suite 'test7' failed at 2017-03-13 22:08:48.957.
	 Executed 1 test, with 1 failure (0 unexpected) in 8.044 (8.045) seconds
XCTestOutputBarrierTest Suite 'sour-mashUITests.xctest' failed at 2017-03-13 22:08:48.958.
	 Executed 1 test, with 1 failure (0 unexpected) in 8.044 (8.046) seconds
XCTestOutputBarrierTest Suite 'Selected tests' failed at 2017-03-13 22:08:48.958.
	 Executed 1 test, with 1 failure (0 unexpected) in 8.044 (8.047) seconds
XCTestOutputBarrier
BP_APP_PROC_ENDED
