--------------------------------------------------------------------------------
Tests started: 2017-03-14 05:09:01 +0000
--------------------------------------------------------------------------------
DEBUG_FLAG_TOBEREMOVED.
2017-03-13 22:09:15.856 XCTRunner[28749:16479674] Running tests...
2017-03-13 22:09:18.155 XCTRunner[28749:16479674] Continuing to run tests in the background with task ID 1
Test Suite 'Selected tests' started at 2017-03-13 22:09:18.213
XCTestOutputBarrierTest Suite 'sour-mashUITests.xctest' started at 2017-03-13 22:09:18.213
XCTestOutputBarrierTest Suite 'test7' started at 2017-03-13 22:09:18.214
XCTestOutputBarrierTest Case '-[sour_mashUITests.test7 test7BlackWhite]' started.
XCTestOutputBarrier    t =     0.00s     Start Test at 2017-03-13 22:09:18.214
    t =     0.00s     Set Up
    t =     0.00s     Launch com.jameseisenhauer.sour-mash
    t =     4.91s         Waiting for accessibility to load
    t =     5.15s         Wait for app to idle
    t =     6.41s     Tap Button
    t =     6.41s         Wait for app to idle
    t =     6.46s         Find the Button
    t =     6.46s             Snapshot accessibility hierarchy for com.jameseisenhauer.sour-mash
    t =     6.48s             Find: Descendants matching type TabBar
    t =     6.48s             Find: Descendants matching type Button
    t =     6.49s             Find: Element at index 1
    t =     6.49s             Wait for app to idle
    t =     6.54s         Synthesize event
    t =     6.79s         Wait for app to idle
    t =     6.84s     Snapshot accessibility hierarchy for com.jameseisenhauer.sour-mash
    t =     6.86s     Find: Descendants matching type StaticText
    t =     6.86s     Find: Elements matching predicate '"lbl_black_title" IN identifiers'
    t =     6.86s     Use cached accessibility hierarchy for com.jameseisenhauer.sour-mash
    t =     6.86s     Find: Descendants matching type StaticText
    t =     6.86s     Find: Elements matching predicate '"lbl_black_sub_title" IN identifiers'
    t =     6.86s     Check predicate `exists == 1` against object `"White" Button`
    t =     6.86s         Use cached accessibility hierarchy for com.jameseisenhauer.sour-mash
    t =     6.87s         Find: Descendants matching type TabBar
    t =     6.87s         Find: Descendants matching type Button
    t =     6.87s         Find: Elements matching predicate '"White" IN identifiers'
    t =     6.87s     Find the "White" Button
    t =     6.87s         Use cached accessibility hierarchy for com.jameseisenhauer.sour-mash
    t =     6.87s         Find: Descendants matching type TabBar
    t =     6.87s         Find: Descendants matching type Button
    t =     6.87s         Find: Elements matching predicate '"White" IN identifiers'
    t =     7.15s     Tap "White" Button
    t =     7.15s         Wait for app to idle
    t =     7.20s         Find the "White" Button
    t =     7.20s             Snapshot accessibility hierarchy for com.jameseisenhauer.sour-mash
    t =     7.21s             Find: Descendants matching type TabBar
    t =     7.21s             Find: Descendants matching type Button
    t =     7.21s             Find: Elements matching predicate '"White" IN identifiers'
    t =     7.22s             Wait for app to idle
    t =     7.26s         Synthesize event
    t =     7.52s         Wait for app to idle
    t =     7.56s     Snapshot accessibility hierarchy for com.jameseisenhauer.sour-mash
    t =     7.58s     Find: Descendants matching type StaticText
    t =     7.58s     Find: Elements matching predicate '"lbl_white_title" IN identifiers'
    t =     7.58s     Use cached accessibility hierarchy for com.jameseisenhauer.sour-mash
    t =     7.58s     Find: Descendants matching type StaticText
    t =     7.58s     Find: Elements matching predicate '"lbl_white_sub_title_fail" IN identifiers'
    t =     7.58s     Assertion Failure: test7.swift:40: XCTAssertTrue failed - White Sub Title does not exist
/Users/mos6y/Documents/workspace/sour-mash/sour-mash/sour-mashUITests/test7.swift:40: error: -[sour_mashUITests.test7 test7BlackWhite] : XCTAssertTrue failed - White Sub Title does not exist
XCTestOutputBarrier    t =     7.58s     Tear Down
Test Case '-[sour_mashUITests.test7 test7BlackWhite]' failed (7.929 seconds).
XCTestOutputBarrierTest Suite 'test7' failed at 2017-03-13 22:09:26.144.
	 Executed 1 test, with 1 failure (0 unexpected) in 7.929 (7.930) seconds
XCTestOutputBarrierTest Suite 'sour-mashUITests.xctest' failed at 2017-03-13 22:09:26.144.
	 Executed 1 test, with 1 failure (0 unexpected) in 7.929 (7.931) seconds
XCTestOutputBarrierTest Suite 'Selected tests' failed at 2017-03-13 22:09:26.145.
	 Executed 1 test, with 1 failure (0 unexpected) in 7.929 (7.932) seconds
XCTestOutputBarrier
BP_APP_PROC_ENDED
